2016-03-28 11:39:13.967  INFO 8508 --- [main] net.es.oscars.core.CoreApp               : Starting CoreApp on 220.125.3.128.in-addr.dhcp.lbl.gov with PID 8508 (/Users/haniotak/ij12/oscars-newtech/core/target/classes started by haniotak in /Users/haniotak/ij12/oscars-newtech/core)
2016-03-28 11:39:13.970  INFO 8508 --- [main] net.es.oscars.core.CoreApp               : No active profile set, falling back to default profiles: default
2016-03-28 11:39:14.012  INFO 8508 --- [main] ationConfigEmbeddedWebApplicationContext : Refreshing org.springframework.boot.context.embedded.AnnotationConfigEmbeddedWebApplicationContext@bcbf18b: startup date [Mon Mar 28 11:39:14 PDT 2016]; root of context hierarchy
2016-03-28 11:39:14.948  INFO 8508 --- [main] o.s.b.f.s.DefaultListableBeanFactory     : Overriding bean definition for bean 'beanNameViewResolver' with a different definition: replacing [Root bean: class [null]; scope=; abstract=false; lazyInit=false; autowireMode=3; dependencyCheck=0; autowireCandidate=true; primary=false; factoryBeanName=org.springframework.boot.autoconfigure.web.ErrorMvcAutoConfiguration$WhitelabelErrorViewConfiguration; factoryMethodName=beanNameViewResolver; initMethodName=null; destroyMethodName=(inferred); defined in class path resource [org/springframework/boot/autoconfigure/web/ErrorMvcAutoConfiguration$WhitelabelErrorViewConfiguration.class]] with [Root bean: class [null]; scope=; abstract=false; lazyInit=false; autowireMode=3; dependencyCheck=0; autowireCandidate=true; primary=false; factoryBeanName=org.springframework.boot.autoconfigure.web.WebMvcAutoConfiguration$WebMvcAutoConfigurationAdapter; factoryMethodName=beanNameViewResolver; initMethodName=null; destroyMethodName=(inferred); defined in class path resource [org/springframework/boot/autoconfigure/web/WebMvcAutoConfiguration$WebMvcAutoConfigurationAdapter.class]]
2016-03-28 11:39:15.330  INFO 8508 --- [main] o.s.s.a.AsyncAnnotationBeanPostProcessor : No TaskExecutor bean found for async annotation processing.
2016-03-28 11:39:15.491  INFO 8508 --- [main] trationDelegate$BeanPostProcessorChecker : Bean 'org.springframework.transaction.annotation.ProxyTransactionManagementConfiguration' of type [class org.springframework.transaction.annotation.ProxyTransactionManagementConfiguration$$EnhancerBySpringCGLIB$$5f0f010f] is not eligible for getting processed by all BeanPostProcessors (for example: not eligible for auto-proxying)
2016-03-28 11:39:15.840  INFO 8508 --- [main] e.j.JettyEmbeddedServletContainerFactory : Server initialized with port: 8000
2016-03-28 11:39:15.849  INFO 8508 --- [main] org.eclipse.jetty.server.Server          : jetty-9.2.15.v20160210
2016-03-28 11:39:15.927  INFO 8508 --- [main] application                              : Initializing Spring embedded WebApplicationContext
2016-03-28 11:39:15.927  INFO 8508 --- [main] o.s.web.context.ContextLoader            : Root WebApplicationContext: initialization completed in 1918 ms
2016-03-28 11:39:16.325  INFO 8508 --- [main] o.s.b.c.embedded.FilterRegistrationBean  : Mapping filter: 'characterEncodingFilter' to: [/*]
2016-03-28 11:39:16.326  INFO 8508 --- [main] o.s.b.c.embedded.FilterRegistrationBean  : Mapping filter: 'hiddenHttpMethodFilter' to: [/*]
2016-03-28 11:39:16.326  INFO 8508 --- [main] o.s.b.c.embedded.FilterRegistrationBean  : Mapping filter: 'httpPutFormContentFilter' to: [/*]
2016-03-28 11:39:16.326  INFO 8508 --- [main] o.s.b.c.embedded.FilterRegistrationBean  : Mapping filter: 'requestContextFilter' to: [/*]
2016-03-28 11:39:16.327  INFO 8508 --- [main] .e.DelegatingFilterProxyRegistrationBean : Mapping filter: 'springSecurityFilterChain' to: [/*]
2016-03-28 11:39:16.327  INFO 8508 --- [main] o.s.b.c.e.ServletRegistrationBean        : Mapping servlet: 'dispatcherServlet' to [/]
2016-03-28 11:39:16.541  INFO 8508 --- [main] o.e.jetty.server.handler.ContextHandler  : Started o.s.b.c.e.j.JettyEmbeddedWebAppContext@61e0f534{/,file:/private/var/folders/fd/06v5mwjj2px0jhbxx8f8ynb40000gn/T/jetty-docbase.8681514734631608334.8000/,AVAILABLE}
2016-03-28 11:39:16.541  INFO 8508 --- [main] org.eclipse.jetty.server.Server          : Started @5550ms
2016-03-28 11:39:16.625  WARN 8508 --- [main] ationConfigEmbeddedWebApplicationContext : Exception encountered during context initialization - cancelling refresh attempt: org.springframework.beans.factory.BeanCreationException: Error creating bean with name 'org.springframework.boot.autoconfigure.orm.jpa.HibernateJpaAutoConfiguration': Injection of autowired dependencies failed; nested exception is org.springframework.beans.factory.BeanCreationException: Could not autowire field: private javax.sql.DataSource org.springframework.boot.autoconfigure.orm.jpa.JpaBaseConfiguration.dataSource; nested exception is org.springframework.beans.factory.BeanCreationException: Error creating bean with name 'dataSource' defined in class path resource [org/springframework/boot/autoconfigure/jdbc/DataSourceAutoConfiguration$NonEmbeddedConfiguration.class]: Bean instantiation via factory method failed; nested exception is org.springframework.beans.BeanInstantiationException: Failed to instantiate [javax.sql.DataSource]: Factory method 'dataSource' threw exception; nested exception is org.springframework.boot.autoconfigure.jdbc.DataSourceProperties$DataSourceBeanCreationException: Cannot determine embedded database driver class for database type NONE. If you want an embedded database please put a supported one on the classpath. If you have database settings to be loaded from a particular profile you may need to active it (no profiles are currently active).
2016-03-28 11:39:16.637  INFO 8508 --- [main] o.e.jetty.server.handler.ContextHandler  : Stopped o.s.b.c.e.j.JettyEmbeddedWebAppContext@61e0f534{/,file:/private/var/folders/fd/06v5mwjj2px0jhbxx8f8ynb40000gn/T/jetty-docbase.8681514734631608334.8000/,UNAVAILABLE}
2016-03-28 11:39:16.640 ERROR 8508 --- [main] o.s.boot.SpringApplication               : Application startup failed

org.springframework.beans.factory.BeanCreationException: Error creating bean with name 'org.springframework.boot.autoconfigure.orm.jpa.HibernateJpaAutoConfiguration': Injection of autowired dependencies failed; nested exception is org.springframework.beans.factory.BeanCreationException: Could not autowire field: private javax.sql.DataSource org.springframework.boot.autoconfigure.orm.jpa.JpaBaseConfiguration.dataSource; nested exception is org.springframework.beans.factory.BeanCreationException: Error creating bean with name 'dataSource' defined in class path resource [org/springframework/boot/autoconfigure/jdbc/DataSourceAutoConfiguration$NonEmbeddedConfiguration.class]: Bean instantiation via factory method failed; nested exception is org.springframework.beans.BeanInstantiationException: Failed to instantiate [javax.sql.DataSource]: Factory method 'dataSource' threw exception; nested exception is org.springframework.boot.autoconfigure.jdbc.DataSourceProperties$DataSourceBeanCreationException: Cannot determine embedded database driver class for database type NONE. If you want an embedded database please put a supported one on the classpath. If you have database settings to be loaded from a particular profile you may need to active it (no profiles are currently active).
	at org.springframework.beans.factory.annotation.AutowiredAnnotationBeanPostProcessor.postProcessPropertyValues(AutowiredAnnotationBeanPostProcessor.java:334)
	at org.springframework.beans.factory.support.AbstractAutowireCapableBeanFactory.populateBean(AbstractAutowireCapableBeanFactory.java:1214)
	at org.springframework.beans.factory.support.AbstractAutowireCapableBeanFactory.doCreateBean(AbstractAutowireCapableBeanFactory.java:543)
	at org.springframework.beans.factory.support.AbstractAutowireCapableBeanFactory.createBean(AbstractAutowireCapableBeanFactory.java:482)
	at org.springframework.beans.factory.support.AbstractBeanFactory$1.getObject(AbstractBeanFactory.java:306)
	at org.springframework.beans.factory.support.DefaultSingletonBeanRegistry.getSingleton(DefaultSingletonBeanRegistry.java:230)
	at org.springframework.beans.factory.support.AbstractBeanFactory.doGetBean(AbstractBeanFactory.java:302)
	at org.springframework.beans.factory.support.AbstractBeanFactory.getBean(AbstractBeanFactory.java:197)
	at org.springframework.beans.factory.support.ConstructorResolver.instantiateUsingFactoryMethod(ConstructorResolver.java:368)
	at org.springframework.beans.factory.support.AbstractAutowireCapableBeanFactory.instantiateUsingFactoryMethod(AbstractAutowireCapableBeanFactory.java:1123)
	at org.springframework.beans.factory.support.AbstractAutowireCapableBeanFactory.createBeanInstance(AbstractAutowireCapableBeanFactory.java:1018)
	at org.springframework.beans.factory.support.AbstractAutowireCapableBeanFactory.doCreateBean(AbstractAutowireCapableBeanFactory.java:510)
	at org.springframework.beans.factory.support.AbstractAutowireCapableBeanFactory.createBean(AbstractAutowireCapableBeanFactory.java:482)
	at org.springframework.beans.factory.support.AbstractBeanFactory$1.getObject(AbstractBeanFactory.java:306)
	at org.springframework.beans.factory.support.DefaultSingletonBeanRegistry.getSingleton(DefaultSingletonBeanRegistry.java:230)
	at org.springframework.beans.factory.support.AbstractBeanFactory.doGetBean(AbstractBeanFactory.java:302)
	at org.springframework.beans.factory.support.AbstractBeanFactory.getBean(AbstractBeanFactory.java:197)
	at org.springframework.context.support.AbstractApplicationContext.getBean(AbstractApplicationContext.java:1054)
	at org.springframework.context.support.AbstractApplicationContext.finishBeanFactoryInitialization(AbstractApplicationContext.java:829)
	at org.springframework.context.support.AbstractApplicationContext.refresh(AbstractApplicationContext.java:538)
	at org.springframework.boot.context.embedded.EmbeddedWebApplicationContext.refresh(EmbeddedWebApplicationContext.java:118)
	at org.springframework.boot.SpringApplication.refresh(SpringApplication.java:766)
	at org.springframework.boot.SpringApplication.createAndRefreshContext(SpringApplication.java:361)
	at org.springframework.boot.SpringApplication.run(SpringApplication.java:307)
	at org.springframework.boot.SpringApplication.run(SpringApplication.java:1191)
	at org.springframework.boot.SpringApplication.run(SpringApplication.java:1180)
	at net.es.oscars.core.CoreApp.main(CoreApp.java:23)
	at sun.reflect.NativeMethodAccessorImpl.invoke0(Native Method)
	at sun.reflect.NativeMethodAccessorImpl.invoke(NativeMethodAccessorImpl.java:62)
	at sun.reflect.DelegatingMethodAccessorImpl.invoke(DelegatingMethodAccessorImpl.java:43)
	at java.lang.reflect.Method.invoke(Method.java:483)
	at org.springframework.boot.maven.AbstractRunMojo$LaunchRunner.run(AbstractRunMojo.java:478)
	at java.lang.Thread.run(Thread.java:745)
Caused by: org.springframework.beans.factory.BeanCreationException: Could not autowire field: private javax.sql.DataSource org.springframework.boot.autoconfigure.orm.jpa.JpaBaseConfiguration.dataSource; nested exception is org.springframework.beans.factory.BeanCreationException: Error creating bean with name 'dataSource' defined in class path resource [org/springframework/boot/autoconfigure/jdbc/DataSourceAutoConfiguration$NonEmbeddedConfiguration.class]: Bean instantiation via factory method failed; nested exception is org.springframework.beans.BeanInstantiationException: Failed to instantiate [javax.sql.DataSource]: Factory method 'dataSource' threw exception; nested exception is org.springframework.boot.autoconfigure.jdbc.DataSourceProperties$DataSourceBeanCreationException: Cannot determine embedded database driver class for database type NONE. If you want an embedded database please put a supported one on the classpath. If you have database settings to be loaded from a particular profile you may need to active it (no profiles are currently active).
	at org.springframework.beans.factory.annotation.AutowiredAnnotationBeanPostProcessor$AutowiredFieldElement.inject(AutowiredAnnotationBeanPostProcessor.java:573)
	at org.springframework.beans.factory.annotation.InjectionMetadata.inject(InjectionMetadata.java:88)
	at org.springframework.beans.factory.annotation.AutowiredAnnotationBeanPostProcessor.postProcessPropertyValues(AutowiredAnnotationBeanPostProcessor.java:331)
	... 32 common frames omitted
Caused by: org.springframework.beans.factory.BeanCreationException: Error creating bean with name 'dataSource' defined in class path resource [org/springframework/boot/autoconfigure/jdbc/DataSourceAutoConfiguration$NonEmbeddedConfiguration.class]: Bean instantiation via factory method failed; nested exception is org.springframework.beans.BeanInstantiationException: Failed to instantiate [javax.sql.DataSource]: Factory method 'dataSource' threw exception; nested exception is org.springframework.boot.autoconfigure.jdbc.DataSourceProperties$DataSourceBeanCreationException: Cannot determine embedded database driver class for database type NONE. If you want an embedded database please put a supported one on the classpath. If you have database settings to be loaded from a particular profile you may need to active it (no profiles are currently active).
	at org.springframework.beans.factory.support.ConstructorResolver.instantiateUsingFactoryMethod(ConstructorResolver.java:599)
	at org.springframework.beans.factory.support.AbstractAutowireCapableBeanFactory.instantiateUsingFactoryMethod(AbstractAutowireCapableBeanFactory.java:1123)
	at org.springframework.beans.factory.support.AbstractAutowireCapableBeanFactory.createBeanInstance(AbstractAutowireCapableBeanFactory.java:1018)
	at org.springframework.beans.factory.support.AbstractAutowireCapableBeanFactory.doCreateBean(AbstractAutowireCapableBeanFactory.java:510)
	at org.springframework.beans.factory.support.AbstractAutowireCapableBeanFactory.createBean(AbstractAutowireCapableBeanFactory.java:482)
	at org.springframework.beans.factory.support.AbstractBeanFactory$1.getObject(AbstractBeanFactory.java:306)
	at org.springframework.beans.factory.support.DefaultSingletonBeanRegistry.getSingleton(DefaultSingletonBeanRegistry.java:230)
	at org.springframework.beans.factory.support.AbstractBeanFactory.doGetBean(AbstractBeanFactory.java:302)
	at org.springframework.beans.factory.support.AbstractBeanFactory.getBean(AbstractBeanFactory.java:197)
	at org.springframework.beans.factory.support.DefaultListableBeanFactory.findAutowireCandidates(DefaultListableBeanFactory.java:1192)
	at org.springframework.beans.factory.support.DefaultListableBeanFactory.doResolveDependency(DefaultListableBeanFactory.java:1116)
	at org.springframework.beans.factory.support.DefaultListableBeanFactory.resolveDependency(DefaultListableBeanFactory.java:1014)
	at org.springframework.beans.factory.annotation.AutowiredAnnotationBeanPostProcessor$AutowiredFieldElement.inject(AutowiredAnnotationBeanPostProcessor.java:545)
	... 34 common frames omitted
Caused by: org.springframework.beans.BeanInstantiationException: Failed to instantiate [javax.sql.DataSource]: Factory method 'dataSource' threw exception; nested exception is org.springframework.boot.autoconfigure.jdbc.DataSourceProperties$DataSourceBeanCreationException: Cannot determine embedded database driver class for database type NONE. If you want an embedded database please put a supported one on the classpath. If you have database settings to be loaded from a particular profile you may need to active it (no profiles are currently active).
	at org.springframework.beans.factory.support.SimpleInstantiationStrategy.instantiate(SimpleInstantiationStrategy.java:189)
	at org.springframework.beans.factory.support.ConstructorResolver.instantiateUsingFactoryMethod(ConstructorResolver.java:588)
	... 46 common frames omitted
Caused by: org.springframework.boot.autoconfigure.jdbc.DataSourceProperties$DataSourceBeanCreationException: Cannot determine embedded database driver class for database type NONE. If you want an embedded database please put a supported one on the classpath. If you have database settings to be loaded from a particular profile you may need to active it (no profiles are currently active).
	at org.springframework.boot.autoconfigure.jdbc.DataSourceProperties.getDriverClassName(DataSourceProperties.java:180)
	at org.springframework.boot.autoconfigure.jdbc.DataSourceAutoConfiguration$NonEmbeddedConfiguration.dataSource(DataSourceAutoConfiguration.java:121)
	at sun.reflect.NativeMethodAccessorImpl.invoke0(Native Method)
	at sun.reflect.NativeMethodAccessorImpl.invoke(NativeMethodAccessorImpl.java:62)
	at sun.reflect.DelegatingMethodAccessorImpl.invoke(DelegatingMethodAccessorImpl.java:43)
	at java.lang.reflect.Method.invoke(Method.java:483)
	at org.springframework.beans.factory.support.SimpleInstantiationStrategy.instantiate(SimpleInstantiationStrategy.java:162)
	... 47 common frames omitted

2016-03-28 11:39:16.642  WARN 8508 --- [main] o.s.boot.SpringApplication               : Error handling failed (Error creating bean with name 'delegatingApplicationListener' defined in class path resource [org/springframework/security/config/annotation/web/configuration/WebSecurityConfiguration.class]: BeanPostProcessor before instantiation of bean failed; nested exception is org.springframework.beans.factory.BeanCreationException: Error creating bean with name 'org.springframework.transaction.annotation.ProxyTransactionManagementConfiguration': Initialization of bean failed; nested exception is org.springframework.beans.factory.NoSuchBeanDefinitionException: No bean named 'org.springframework.context.annotation.ConfigurationClassPostProcessor.importRegistry' is defined)
2016-03-28 11:39:43.472  INFO 8527 --- [main] net.es.oscars.core.CoreApp               : Starting CoreApp on 220.125.3.128.in-addr.dhcp.lbl.gov with PID 8527 (/Users/haniotak/ij12/oscars-newtech/core/target/classes started by haniotak in /Users/haniotak/ij12/oscars-newtech/core)
2016-03-28 11:39:43.475  INFO 8527 --- [main] net.es.oscars.core.CoreApp               : No active profile set, falling back to default profiles: default
2016-03-28 11:39:43.521  INFO 8527 --- [main] ationConfigEmbeddedWebApplicationContext : Refreshing org.springframework.boot.context.embedded.AnnotationConfigEmbeddedWebApplicationContext@765452c7: startup date [Mon Mar 28 11:39:43 PDT 2016]; root of context hierarchy
2016-03-28 11:39:44.459  INFO 8527 --- [main] o.s.b.f.s.DefaultListableBeanFactory     : Overriding bean definition for bean 'beanNameViewResolver' with a different definition: replacing [Root bean: class [null]; scope=; abstract=false; lazyInit=false; autowireMode=3; dependencyCheck=0; autowireCandidate=true; primary=false; factoryBeanName=org.springframework.boot.autoconfigure.web.ErrorMvcAutoConfiguration$WhitelabelErrorViewConfiguration; factoryMethodName=beanNameViewResolver; initMethodName=null; destroyMethodName=(inferred); defined in class path resource [org/springframework/boot/autoconfigure/web/ErrorMvcAutoConfiguration$WhitelabelErrorViewConfiguration.class]] with [Root bean: class [null]; scope=; abstract=false; lazyInit=false; autowireMode=3; dependencyCheck=0; autowireCandidate=true; primary=false; factoryBeanName=org.springframework.boot.autoconfigure.web.WebMvcAutoConfiguration$WebMvcAutoConfigurationAdapter; factoryMethodName=beanNameViewResolver; initMethodName=null; destroyMethodName=(inferred); defined in class path resource [org/springframework/boot/autoconfigure/web/WebMvcAutoConfiguration$WebMvcAutoConfigurationAdapter.class]]
2016-03-28 11:39:44.834  INFO 8527 --- [main] o.s.s.a.AsyncAnnotationBeanPostProcessor : No TaskExecutor bean found for async annotation processing.
2016-03-28 11:39:45.034  INFO 8527 --- [main] trationDelegate$BeanPostProcessorChecker : Bean 'org.springframework.transaction.annotation.ProxyTransactionManagementConfiguration' of type [class org.springframework.transaction.annotation.ProxyTransactionManagementConfiguration$$EnhancerBySpringCGLIB$$8e7846b3] is not eligible for getting processed by all BeanPostProcessors (for example: not eligible for auto-proxying)
2016-03-28 11:39:45.413  INFO 8527 --- [main] e.j.JettyEmbeddedServletContainerFactory : Server initialized with port: 8000
2016-03-28 11:39:45.423  INFO 8527 --- [main] org.eclipse.jetty.server.Server          : jetty-9.2.15.v20160210
2016-03-28 11:39:45.506  INFO 8527 --- [main] application                              : Initializing Spring embedded WebApplicationContext
2016-03-28 11:39:45.506  INFO 8527 --- [main] o.s.web.context.ContextLoader            : Root WebApplicationContext: initialization completed in 1988 ms
2016-03-28 11:39:45.929  INFO 8527 --- [main] o.s.b.c.embedded.FilterRegistrationBean  : Mapping filter: 'characterEncodingFilter' to: [/*]
2016-03-28 11:39:45.929  INFO 8527 --- [main] o.s.b.c.embedded.FilterRegistrationBean  : Mapping filter: 'hiddenHttpMethodFilter' to: [/*]
2016-03-28 11:39:45.929  INFO 8527 --- [main] o.s.b.c.embedded.FilterRegistrationBean  : Mapping filter: 'httpPutFormContentFilter' to: [/*]
2016-03-28 11:39:45.929  INFO 8527 --- [main] o.s.b.c.embedded.FilterRegistrationBean  : Mapping filter: 'requestContextFilter' to: [/*]
2016-03-28 11:39:45.930  INFO 8527 --- [main] .e.DelegatingFilterProxyRegistrationBean : Mapping filter: 'springSecurityFilterChain' to: [/*]
2016-03-28 11:39:45.931  INFO 8527 --- [main] o.s.b.c.e.ServletRegistrationBean        : Mapping servlet: 'dispatcherServlet' to [/]
2016-03-28 11:39:46.120  INFO 8527 --- [main] o.e.jetty.server.handler.ContextHandler  : Started o.s.b.c.e.j.JettyEmbeddedWebAppContext@22a5e6e5{/,file:/private/var/folders/fd/06v5mwjj2px0jhbxx8f8ynb40000gn/T/jetty-docbase.2228230624689107793.8000/,AVAILABLE}
2016-03-28 11:39:46.120  INFO 8527 --- [main] org.eclipse.jetty.server.Server          : Started @5982ms
2016-03-28 11:39:47.117  INFO 8527 --- [main] j.LocalContainerEntityManagerFactoryBean : Building JPA container EntityManagerFactory for persistence unit 'default'
2016-03-28 11:39:47.126  INFO 8527 --- [main] o.hibernate.jpa.internal.util.LogHelper  : HHH000204: Processing PersistenceUnitInfo [
	name: default
	...]
2016-03-28 11:39:47.191  INFO 8527 --- [main] org.hibernate.Version                    : HHH000412: Hibernate Core {4.3.11.Final}
2016-03-28 11:39:47.193  INFO 8527 --- [main] org.hibernate.cfg.Environment            : HHH000206: hibernate.properties not found
2016-03-28 11:39:47.194  INFO 8527 --- [main] org.hibernate.cfg.Environment            : HHH000021: Bytecode provider name : javassist
2016-03-28 11:39:47.327  INFO 8527 --- [main] o.hibernate.annotations.common.Version   : HCANN000001: Hibernate Commons Annotations {4.0.5.Final}
2016-03-28 11:39:47.384  INFO 8527 --- [main] org.hibernate.dialect.Dialect            : HHH000400: Using dialect: org.hibernate.dialect.HSQLDialect
2016-03-28 11:39:47.428  INFO 8527 --- [main] o.h.h.i.ast.ASTQueryTranslatorFactory    : HHH000397: Using ASTQueryTranslatorFactory
2016-03-28 11:39:47.518  INFO 8527 --- [main] org.hibernate.tool.hbm2ddl.SchemaExport  : HHH000227: Running hbm2ddl schema export
2016-03-28 11:39:47.519  INFO 8527 --- [main] org.hibernate.tool.hbm2ddl.SchemaExport  : HHH000230: Schema export complete
2016-03-28 11:39:47.823  INFO 8527 --- [main] s.w.s.m.m.a.RequestMappingHandlerAdapter : Looking for @ControllerAdvice: org.springframework.boot.context.embedded.AnnotationConfigEmbeddedWebApplicationContext@765452c7: startup date [Mon Mar 28 11:39:43 PDT 2016]; root of context hierarchy
2016-03-28 11:39:47.902  INFO 8527 --- [main] s.w.s.m.m.a.RequestMappingHandlerMapping : Mapped "{[/error]}" onto public org.springframework.http.ResponseEntity<java.util.Map<java.lang.String, java.lang.Object>> org.springframework.boot.autoconfigure.web.BasicErrorController.error(javax.servlet.http.HttpServletRequest)
2016-03-28 11:39:47.903  INFO 8527 --- [main] s.w.s.m.m.a.RequestMappingHandlerMapping : Mapped "{[/error],produces=[text/html]}" onto public org.springframework.web.servlet.ModelAndView org.springframework.boot.autoconfigure.web.BasicErrorController.errorHtml(javax.servlet.http.HttpServletRequest,javax.servlet.http.HttpServletResponse)
2016-03-28 11:39:47.929  INFO 8527 --- [main] o.s.w.s.handler.SimpleUrlHandlerMapping  : Mapped URL path [/webjars/**] onto handler of type [class org.springframework.web.servlet.resource.ResourceHttpRequestHandler]
2016-03-28 11:39:47.929  INFO 8527 --- [main] o.s.w.s.handler.SimpleUrlHandlerMapping  : Mapped URL path [/**] onto handler of type [class org.springframework.web.servlet.resource.ResourceHttpRequestHandler]
2016-03-28 11:39:47.962  INFO 8527 --- [main] o.s.w.s.handler.SimpleUrlHandlerMapping  : Mapped URL path [/**/favicon.ico] onto handler of type [class org.springframework.web.servlet.resource.ResourceHttpRequestHandler]
2016-03-28 11:39:48.275  INFO 8527 --- [main] o.s.ui.freemarker.SpringTemplateLoader   : SpringTemplateLoader for FreeMarker: using resource loader [org.springframework.boot.context.embedded.AnnotationConfigEmbeddedWebApplicationContext@765452c7: startup date [Mon Mar 28 11:39:43 PDT 2016]; root of context hierarchy] and template loader path [classpath:/templates/]
2016-03-28 11:39:48.276  INFO 8527 --- [main] o.s.w.s.v.f.FreeMarkerConfigurer         : ClassTemplateLoader for Spring macros added to FreeMarker configuration
2016-03-28 11:39:48.291  WARN 8527 --- [main] o.s.b.a.f.FreeMarkerAutoConfiguration    : Cannot find template location(s): [classpath:/templates/] (please add some templates, check your FreeMarker configuration, or set spring.freemarker.checkTemplateLocation=false)
2016-03-28 11:39:48.443  INFO 8527 --- [main] o.s.s.web.DefaultSecurityFilterChain     : Creating filter chain: Ant [pattern='/css/**'], []
2016-03-28 11:39:48.443  INFO 8527 --- [main] o.s.s.web.DefaultSecurityFilterChain     : Creating filter chain: Ant [pattern='/js/**'], []
2016-03-28 11:39:48.443  INFO 8527 --- [main] o.s.s.web.DefaultSecurityFilterChain     : Creating filter chain: Ant [pattern='/images/**'], []
2016-03-28 11:39:48.443  INFO 8527 --- [main] o.s.s.web.DefaultSecurityFilterChain     : Creating filter chain: Ant [pattern='/**/favicon.ico'], []
2016-03-28 11:39:48.443  INFO 8527 --- [main] o.s.s.web.DefaultSecurityFilterChain     : Creating filter chain: Ant [pattern='/error'], []
2016-03-28 11:39:48.496  INFO 8527 --- [main] o.s.s.web.DefaultSecurityFilterChain     : Creating filter chain: OrRequestMatcher [requestMatchers=[Ant [pattern='/**']]], [org.springframework.security.web.context.request.async.WebAsyncManagerIntegrationFilter@4a41884b, org.springframework.security.web.context.SecurityContextPersistenceFilter@7d831c32, org.springframework.security.web.header.HeaderWriterFilter@7781083d, org.springframework.security.web.authentication.logout.LogoutFilter@1e432512, org.springframework.security.web.authentication.www.BasicAuthenticationFilter@3268144e, org.springframework.security.web.savedrequest.RequestCacheAwareFilter@2b7b936a, org.springframework.security.web.servletapi.SecurityContextHolderAwareRequestFilter@377c734f, org.springframework.security.web.authentication.AnonymousAuthenticationFilter@607badda, org.springframework.security.web.session.SessionManagementFilter@106371cc, org.springframework.security.web.access.ExceptionTranslationFilter@7bc0bda9, org.springframework.security.web.access.intercept.FilterSecurityInterceptor@51bee57e]
2016-03-28 11:39:48.589  INFO 8527 --- [main] o.s.j.e.a.AnnotationMBeanExporter        : Registering beans for JMX exposure on startup
2016-03-28 11:39:48.608  INFO 8527 --- [main] application                              : Initializing Spring FrameworkServlet 'dispatcherServlet'
2016-03-28 11:39:48.609  INFO 8527 --- [main] o.s.web.servlet.DispatcherServlet        : FrameworkServlet 'dispatcherServlet': initialization started
2016-03-28 11:39:48.619  INFO 8527 --- [main] o.s.web.servlet.DispatcherServlet        : FrameworkServlet 'dispatcherServlet': initialization completed in 10 ms
2016-03-28 11:39:48.652  INFO 8527 --- [main] o.eclipse.jetty.server.ServerConnector   : Started ServerConnector@7668ef73{SSL-HTTP/1.1}{0.0.0.0:8000}
2016-03-28 11:39:48.655  INFO 8527 --- [main] .s.b.c.e.j.JettyEmbeddedServletContainer : Jetty started on port(s) 8000 (ssl-http/1.1, http/1.1)
2016-03-28 11:39:48.658  INFO 8527 --- [main] net.es.oscars.core.CoreApp               : Started CoreApp in 5.786 seconds (JVM running for 8.521)
2016-03-28 11:40:21.812  INFO 8527 --- [Thread-12] ationConfigEmbeddedWebApplicationContext : Closing org.springframework.boot.context.embedded.AnnotationConfigEmbeddedWebApplicationContext@765452c7: startup date [Mon Mar 28 11:39:43 PDT 2016]; root of context hierarchy
2016-03-28 11:40:21.814  INFO 8527 --- [Thread-12] o.s.j.e.a.AnnotationMBeanExporter        : Unregistering JMX-exposed beans on shutdown
2016-03-28 11:40:21.816  INFO 8527 --- [Thread-12] j.LocalContainerEntityManagerFactoryBean : Closing JPA EntityManagerFactory for persistence unit 'default'
2016-03-28 11:40:21.816  INFO 8527 --- [Thread-12] org.hibernate.tool.hbm2ddl.SchemaExport  : HHH000227: Running hbm2ddl schema export
2016-03-28 11:40:21.816  INFO 8527 --- [Thread-12] org.hibernate.tool.hbm2ddl.SchemaExport  : HHH000230: Schema export complete
2016-03-28 11:40:21.823  INFO 8527 --- [Thread-12] o.eclipse.jetty.server.ServerConnector   : Stopped ServerConnector@7668ef73{SSL-HTTP/1.1}{0.0.0.0:8000}
2016-03-28 11:40:21.825  INFO 8527 --- [Thread-12] application                              : Destroying Spring FrameworkServlet 'dispatcherServlet'
2016-03-28 11:40:21.825  INFO 8527 --- [Thread-12] o.e.jetty.server.handler.ContextHandler  : Stopped o.s.b.c.e.j.JettyEmbeddedWebAppContext@22a5e6e5{/,file:/private/var/folders/fd/06v5mwjj2px0jhbxx8f8ynb40000gn/T/jetty-docbase.2228230624689107793.8000/,UNAVAILABLE}
